<?xml version="1.0" encoding="UTF-8"?>
<!-- Generated by org.testng.reporters.JUnitXMLReporter -->
<testsuite ignored="0" hostname="DESKTOP-I9RL5TD" failures="0" tests="1" name="Default test" time="0.525" errors="0" timestamp="2025-09-25T16:20:18 IST">
  <testcase classname="Com_GNG_TestCases_User.Base_Class" name="@BeforeSuite OpenAppliction" time="-1.758797417876E9">
    <failure type="org.testng.TestNGException" message="
Parameter &amp;apos;Browser&amp;apos; is required by BeforeSuite on method OpenAppliction but has not been marked @Optional or defined
in C:\Users\Personal\AppData\Local\Temp\testng-eclipse-958604216\testng-customsuite.xml">
      <![CDATA[org.testng.TestNGException: 
Parameter 'Browser' is required by BeforeSuite on method OpenAppliction but has not been marked @Optional or defined
in C:\Users\Personal\AppData\Local\Temp\testng-eclipse-958604216\testng-customsuite.xml
at org.testng.internal.Parameters.createParams(Parameters.java:264)
at org.testng.internal.Parameters.createParametersForMethod(Parameters.java:352)
at org.testng.internal.Parameters.createParameters(Parameters.java:690)
at org.testng.internal.Parameters.createConfigurationParameters(Parameters.java:163)
at org.testng.internal.invokers.ConfigInvoker.invokeConfigurations(ConfigInvoker.java:313)
at org.testng.SuiteRunner.privateRun(SuiteRunner.java:358)
at org.testng.SuiteRunner.run(SuiteRunner.java:312)
at org.testng.SuiteRunnerWorker.runSuite(SuiteRunnerWorker.java:52)
at org.testng.SuiteRunnerWorker.run(SuiteRunnerWorker.java:95)
at org.testng.TestNG.runSuitesSequentially(TestNG.java:1274)
at org.testng.TestNG.runSuitesLocally(TestNG.java:1208)
at org.testng.TestNG.runSuites(TestNG.java:1112)
at org.testng.TestNG.run(TestNG.java:1079)
at org.testng.remote.AbstractRemoteTestNG.run(AbstractRemoteTestNG.java:115)
at org.testng.remote.RemoteTestNG.initAndRun(RemoteTestNG.java:293)
at org.testng.remote.RemoteTestNG.main(RemoteTestNG.java:91)
]]>
    </failure>
  </testcase> <!-- @BeforeSuite OpenAppliction -->
  <testcase classname="Com_GNG_TestCases_User.Tc_001_LoginPage" name="Groc_UserLogin" time="0.001">
    <skipped/>
  </testcase> <!-- Groc_UserLogin -->
</testsuite> <!-- Default test -->
