<?xml version="1.0" encoding="UTF-8"?>
<!-- Generated by org.testng.reporters.JUnitXMLReporter -->
<testsuite ignored="0" hostname="Ajaykorada" failures="0" tests="5" name="Admin" time="65.734" errors="0" timestamp="2025-10-27T16:16:13 IST">
  <testcase classname="Com_GNG_TestCases_Admin.Tc_001_LoginPage" name="testing" time="5.468"/>
  <testcase classname="Com_GNG_TestCases_Admin.Tc_002_PagesPage" name="createTest" time="9.636"/>
  <testcase classname="Com_GNG_TestCases_Admin.Tc_003_blog" name="blogTest" time="24.059"/>
  <testcase classname="Com_GNG_TestCases_Admin.Tc_004_category" name="categoryTest" time="14.592"/>
  <testcase classname="Com_GNG_TestCases_Admin.Tc_005_Tags" name="tagsTest" time="3.85"/>
</testsuite> <!-- Admin -->
