<?xml version="1.0" encoding="UTF-8"?>
<!-- Generated by org.testng.reporters.JUnitXMLReporter -->
<testsuite ignored="0" hostname="Ajaykorada" failures="1" tests="5" name="Admin" time="61.319" errors="0" timestamp="2025-10-27T15:34:21 IST">
  <testcase classname="Com_GNG_TestCases_Admin.Tc_001_LoginPage" name="testing" time="4.496"/>
  <testcase classname="Com_GNG_TestCases_Admin.Tc_002_PagesPage" name="createTest" time="10.072">
    <failure type="org.openqa.selenium.ElementNotInteractableException" message="element not interactable
  (Session info: chrome=141.0.7390.108)
Build info: version: &amp;apos;4.28.1&amp;apos;, revision: &amp;apos;73f5ad48a2&amp;apos;
System info: os.name: &amp;apos;Windows 11&amp;apos;, os.arch: &amp;apos;amd64&amp;apos;, os.version: &amp;apos;10.0&amp;apos;, java.version: &amp;apos;17.0.7&amp;apos;
Driver info: org.openqa.selenium.chrome.ChromeDriver
Command: [f187df87d77b7066f90ad2e64413505d, clickElement {id=f.2DDC1EF55A209D47029B7CB6C5FACE25.d.13C6599B3D9484FCC474FEEAE2C3DDAC.e.53}]
Capabilities {acceptInsecureCerts: false, browserName: chrome, browserVersion: 141.0.7390.108, chrome: {chromedriverVersion: 141.0.7390.122 (b477534e7e1..., userDataDir: C:\Users\ajayk\AppData\Loca...}, fedcm:accounts: true, goog:chromeOptions: {debuggerAddress: localhost:55181}, networkConnectionEnabled: false, pageLoadStrategy: normal, platformName: windows, proxy: Proxy(), se:cdp: ws://localhost:55181/devtoo..., se:cdpVersion: 141.0.7390.108, setWindowRect: true, strictFileInteractability: false, timeouts: {implicit: 0, pageLoad: 300000, script: 30000}, unhandledPromptBehavior: dismiss and notify, webauthn:extension:credBlob: true, webauthn:extension:largeBlob: true, webauthn:extension:minPinLength: true, webauthn:extension:prf: true, webauthn:virtualAuthenticators: true}
Element: [[ChromeDriver: chrome on windows (f187df87d77b7066f90ad2e64413505d)] -&amp;gt; xpath: (//button[normalize-space(@class=&amp;apos;btn btn-secondary action-item&amp;apos;)])[3]]
Session ID: f187df87d77b7066f90ad2e64413505d">
      <![CDATA[org.openqa.selenium.ElementNotInteractableException: element not interactable
  (Session info: chrome=141.0.7390.108)
Build info: version: '4.28.1', revision: '73f5ad48a2'
System info: os.name: 'Windows 11', os.arch: 'amd64', os.version: '10.0', java.version: '17.0.7'
Driver info: org.openqa.selenium.chrome.ChromeDriver
Command: [f187df87d77b7066f90ad2e64413505d, clickElement {id=f.2DDC1EF55A209D47029B7CB6C5FACE25.d.13C6599B3D9484FCC474FEEAE2C3DDAC.e.53}]
Capabilities {acceptInsecureCerts: false, browserName: chrome, browserVersion: 141.0.7390.108, chrome: {chromedriverVersion: 141.0.7390.122 (b477534e7e1..., userDataDir: C:\Users\ajayk\AppData\Loca...}, fedcm:accounts: true, goog:chromeOptions: {debuggerAddress: localhost:55181}, networkConnectionEnabled: false, pageLoadStrategy: normal, platformName: windows, proxy: Proxy(), se:cdp: ws://localhost:55181/devtoo..., se:cdpVersion: 141.0.7390.108, setWindowRect: true, strictFileInteractability: false, timeouts: {implicit: 0, pageLoad: 300000, script: 30000}, unhandledPromptBehavior: dismiss and notify, webauthn:extension:credBlob: true, webauthn:extension:largeBlob: true, webauthn:extension:minPinLength: true, webauthn:extension:prf: true, webauthn:virtualAuthenticators: true}
Element: [[ChromeDriver: chrome on windows (f187df87d77b7066f90ad2e64413505d)] -> xpath: (//button[normalize-space(@class='btn btn-secondary action-item')])[3]]
Session ID: f187df87d77b7066f90ad2e64413505d
at org.openqa.selenium.remote.ErrorCodec.decode(ErrorCodec.java:167)
at org.openqa.selenium.remote.codec.w3c.W3CHttpResponseCodec.decode(W3CHttpResponseCodec.java:138)
at org.openqa.selenium.remote.codec.w3c.W3CHttpResponseCodec.decode(W3CHttpResponseCodec.java:50)
at org.openqa.selenium.remote.HttpCommandExecutor.execute(HttpCommandExecutor.java:215)
at org.openqa.selenium.remote.service.DriverCommandExecutor.invokeExecute(DriverCommandExecutor.java:216)
at org.openqa.selenium.remote.service.DriverCommandExecutor.execute(DriverCommandExecutor.java:174)
at org.openqa.selenium.remote.RemoteWebDriver.execute(RemoteWebDriver.java:545)
at org.openqa.selenium.remote.RemoteWebElement.execute(RemoteWebElement.java:223)
at org.openqa.selenium.remote.RemoteWebElement.click(RemoteWebElement.java:76)
at org.openqa.selenium.support.pagefactory.internal.LocatingElementHandler.invoke(LocatingElementHandler.java:51)
at jdk.proxy2/jdk.proxy2.$Proxy15.click(Unknown Source)
at Com_GNG_PageObjects_Admin.PagesPage_002.create1(PagesPage_002.java:105)
at Com_GNG_TestCases_Admin.Tc_002_PagesPage.createTest(Tc_002_PagesPage.java:18)
at java.base/java.util.ArrayList.forEach(ArrayList.java:1511)
... Removed 36 stack frames]]>
    </failure>
  </testcase> <!-- createTest -->
  <testcase classname="Com_GNG_TestCases_Admin.Tc_003_blog" name="blogTest" time="24.604"/>
  <testcase classname="Com_GNG_TestCases_Admin.Tc_004_category" name="categoryTest" time="14.556"/>
  <testcase classname="Com_GNG_TestCases_Admin.Tc_005_Tags" name="tagsTest" time="1.675"/>
</testsuite> <!-- Admin -->
