<?xml version="1.0" encoding="UTF-8"?>
<!-- Generated by org.testng.reporters.JUnitXMLReporter -->
<testsuite ignored="0" hostname="DESKTOP-I9RL5TD" failures="0" tests="2" name="Test1" time="0.705" errors="0" timestamp="2025-10-06T16:13:57 IST">
  <testcase classname="Com_GNG_TestCases_Admin.Tc_001_LoginPage" name="testing" time="0.001">
    <skipped/>
  </testcase> <!-- testing -->
  <testcase classname="Com_GNG_TestCases_Admin.Tc_002_PagesPage" name="createTest" time="0.001">
    <skipped/>
  </testcase> <!-- createTest -->
</testsuite> <!-- Test1 -->
