<?xml version="1.0" encoding="UTF-8"?>
<!-- Generated by org.testng.reporters.JUnitXMLReporter -->
<testsuite ignored="0" hostname="DESKTOP-I9RL5TD" failures="0" tests="5" name="Test" time="123.233" errors="0" timestamp="2025-10-15T11:03:07 IST">
  <testcase classname="Com_GNG_TestCases_User.Tc_001_LoginPage" name="Groc_UserLogin" time="8.364"/>
  <testcase classname="Com_GNG_TestCases_User.Tc_002_HomePage" name="Home_Functionalityes" time="55.129"/>
  <testcase classname="Com_GNG_TestCases_User.Tc_003_ShopPage" name="shopPage" time="44.677"/>
  <testcase classname="Com_GNG_TestCases_User.Tc_004_ProductPage" name="Productpage" time="4.411"/>
  <testcase classname="Com_GNG_TestCases_User.Tc_005_CheckoutPage" name="CheckoutProduct" time="7.685"/>
</testsuite> <!-- Test -->
