<?xml version="1.0" encoding="UTF-8"?>
<!-- Generated by org.testng.reporters.JUnitXMLReporter -->
<testsuite ignored="0" hostname="DESKTOP-I9RL5TD" failures="0" tests="5" name="User" time="153.825" errors="0" timestamp="2025-10-21T22:12:49 IST">
  <testcase classname="Com_GNG_TestCases_User.Tc_001_LoginPage" name="Groc_UserLogin" time="8.832"/>
  <testcase classname="Com_GNG_TestCases_User.Tc_002_HomePage" name="Home_Functionalityes" time="55.67"/>
  <testcase classname="Com_GNG_TestCases_User.Tc_003_ShopPage" name="shopPage" time="44.977"/>
  <testcase classname="Com_GNG_TestCases_User.Tc_004_ProductPage" name="Productpage" time="4.473"/>
  <testcase classname="Com_GNG_TestCases_User.Tc_005_CheckoutPage" name="CheckoutProduct" time="26.793"/>
</testsuite> <!-- User -->
