<?xml version="1.0" encoding="UTF-8"?>
<testng-results ignored="0" total="8" passed="8" failed="0" skipped="0">
  <reporter-output>
  </reporter-output>
  <suite started-at="2025-10-21T22:10:15 IST" name="Suite" finished-at="2025-10-21T22:13:36 IST" duration-ms="201075">
    <groups>
    </groups>
    <test started-at="2025-10-21T22:10:15 IST" name="User" finished-at="2025-10-21T22:12:49 IST" duration-ms="153825">
      <class name="Com_GNG_TestCases_User.Tc_005_CheckoutPage">
        <test-method is-config="true" signature="OpenAppliction(java.lang.String,java.lang.String)[pri:0, instance:Com_GNG_TestCases_User.Tc_005_CheckoutPage@36ebc363]" started-at="2025-10-21T22:10:16 IST" name="OpenAppliction" finished-at="2025-10-21T22:10:21 IST" duration-ms="5192" status="PASS">
          <params>
            <param index="0">
              <value>
                <![CDATA[Chrome]]>
              </value>
            </param>
            <param index="1">
              <value>
                <![CDATA[https://qa-grocengomart.w3testing.com/]]>
              </value>
            </param>
          </params>
          <reporter-output>
          </reporter-output>
        </test-method> <!-- OpenAppliction -->
        <test-method signature="Groc_UserLogin()[pri:0, instance:Com_GNG_TestCases_User.Tc_005_CheckoutPage@36ebc363]" started-at="2025-10-21T22:10:21 IST" name="Groc_UserLogin" finished-at="2025-10-21T22:10:30 IST" duration-ms="8832" status="PASS">
          <reporter-output>
          </reporter-output>
        </test-method> <!-- Groc_UserLogin -->
        <test-method signature="Home_Functionalityes()[pri:0, instance:Com_GNG_TestCases_User.Tc_005_CheckoutPage@36ebc363]" started-at="2025-10-21T22:10:30 IST" name="Home_Functionalityes" finished-at="2025-10-21T22:11:26 IST" duration-ms="55670" status="PASS">
          <reporter-output>
          </reporter-output>
        </test-method> <!-- Home_Functionalityes -->
        <test-method signature="shopPage()[pri:0, instance:Com_GNG_TestCases_User.Tc_005_CheckoutPage@36ebc363]" started-at="2025-10-21T22:11:26 IST" name="shopPage" finished-at="2025-10-21T22:12:11 IST" duration-ms="44977" status="PASS">
          <reporter-output>
          </reporter-output>
        </test-method> <!-- shopPage -->
        <test-method signature="Productpage()[pri:0, instance:Com_GNG_TestCases_User.Tc_005_CheckoutPage@36ebc363]" started-at="2025-10-21T22:12:11 IST" name="Productpage" finished-at="2025-10-21T22:12:16 IST" duration-ms="4473" status="PASS">
          <reporter-output>
          </reporter-output>
        </test-method> <!-- Productpage -->
        <test-method signature="CheckoutProduct()[pri:0, instance:Com_GNG_TestCases_User.Tc_005_CheckoutPage@36ebc363]" started-at="2025-10-21T22:12:18 IST" name="CheckoutProduct" finished-at="2025-10-21T22:12:45 IST" duration-ms="26793" status="PASS">
          <reporter-output>
          </reporter-output>
        </test-method> <!-- CheckoutProduct -->
        <test-method is-config="true" signature="CloseApplication()[pri:0, instance:Com_GNG_TestCases_User.Tc_005_CheckoutPage@36ebc363]" started-at="2025-10-21T22:12:45 IST" name="CloseApplication" finished-at="2025-10-21T22:12:49 IST" duration-ms="3438" status="PASS">
          <reporter-output>
          </reporter-output>
        </test-method> <!-- CloseApplication -->
      </class> <!-- Com_GNG_TestCases_User.Tc_005_CheckoutPage -->
    </test> <!-- User -->
    <test started-at="2025-10-21T22:12:49 IST" name="Admin" finished-at="2025-10-21T22:13:36 IST" duration-ms="46722">
      <class name="Com_GNG_TestCases_Admin.Tc_003_blog">
        <test-method is-config="true" signature="OpenAppliction(java.lang.String,java.lang.String)[pri:0, instance:Com_GNG_TestCases_Admin.Tc_003_blog@65e98b1c]" started-at="2025-10-21T22:12:49 IST" name="OpenAppliction" finished-at="2025-10-21T22:12:53 IST" duration-ms="3473" status="PASS">
          <params>
            <param index="0">
              <value>
                <![CDATA[Chrome]]>
              </value>
            </param>
            <param index="1">
              <value>
                <![CDATA[https://qa-grocengomart.w3testing.com/admin/login]]>
              </value>
            </param>
          </params>
          <reporter-output>
          </reporter-output>
        </test-method> <!-- OpenAppliction -->
        <test-method signature="testing()[pri:0, instance:Com_GNG_TestCases_Admin.Tc_003_blog@65e98b1c]" started-at="2025-10-21T22:12:53 IST" name="testing" finished-at="2025-10-21T22:12:57 IST" duration-ms="4545" status="PASS">
          <reporter-output>
          </reporter-output>
        </test-method> <!-- testing -->
        <test-method signature="createTest()[pri:0, instance:Com_GNG_TestCases_Admin.Tc_003_blog@65e98b1c]" started-at="2025-10-21T22:12:58 IST" name="createTest" finished-at="2025-10-21T22:13:08 IST" duration-ms="9956" status="PASS">
          <reporter-output>
          </reporter-output>
        </test-method> <!-- createTest -->
        <test-method signature="blogTest()[pri:0, instance:Com_GNG_TestCases_Admin.Tc_003_blog@65e98b1c]" started-at="2025-10-21T22:13:08 IST" name="blogTest" finished-at="2025-10-21T22:13:32 IST" duration-ms="24704" status="PASS">
          <reporter-output>
          </reporter-output>
        </test-method> <!-- blogTest -->
        <test-method is-config="true" signature="CloseApplication()[pri:0, instance:Com_GNG_TestCases_Admin.Tc_003_blog@65e98b1c]" started-at="2025-10-21T22:13:33 IST" name="CloseApplication" finished-at="2025-10-21T22:13:36 IST" duration-ms="3534" status="PASS">
          <reporter-output>
          </reporter-output>
        </test-method> <!-- CloseApplication -->
      </class> <!-- Com_GNG_TestCases_Admin.Tc_003_blog -->
    </test> <!-- Admin -->
  </suite> <!-- Suite -->
</testng-results>
