<?xml version="1.0" encoding="UTF-8"?>
<testng-results ignored="0" total="3" passed="3" failed="0" skipped="0">
  <reporter-output>
  </reporter-output>
  <suite started-at="2025-09-29T16:19:27 IST" name="Suite" finished-at="2025-09-29T16:21:06 IST" duration-ms="98244">
    <groups>
    </groups>
    <test started-at="2025-09-29T16:19:27 IST" name="Test" finished-at="2025-09-29T16:21:06 IST" duration-ms="98244">
      <class name="Com_GNG_TestCases_User.Tc_003_ShopPage">
        <test-method is-config="true" signature="OpenAppliction(java.lang.String,java.lang.String)[pri:0, instance:Com_GNG_TestCases_User.Tc_003_ShopPage@2f4948e4]" started-at="2025-09-29T16:19:21 IST" name="OpenAppliction" finished-at="2025-09-29T16:19:27 IST" duration-ms="5932" status="PASS">
          <params>
            <param index="0">
              <value>
                <![CDATA[Chrome]]>
              </value>
            </param>
            <param index="1">
              <value>
                <![CDATA[https://qa-grocengomart.w3testing.com/]]>
              </value>
            </param>
          </params>
          <reporter-output>
          </reporter-output>
        </test-method> <!-- OpenAppliction -->
        <test-method signature="Groc_UserLogin()[pri:0, instance:Com_GNG_TestCases_User.Tc_003_ShopPage@2f4948e4]" started-at="2025-09-29T16:19:27 IST" name="Groc_UserLogin" finished-at="2025-09-29T16:19:35 IST" duration-ms="7988" status="PASS">
          <reporter-output>
          </reporter-output>
        </test-method> <!-- Groc_UserLogin -->
        <test-method signature="Home_Functionalityes()[pri:0, instance:Com_GNG_TestCases_User.Tc_003_ShopPage@2f4948e4]" started-at="2025-09-29T16:19:35 IST" name="Home_Functionalityes" finished-at="2025-09-29T16:21:02 IST" duration-ms="86179" status="PASS">
          <reporter-output>
          </reporter-output>
        </test-method> <!-- Home_Functionalityes -->
        <test-method signature="shopPage()[pri:0, instance:Com_GNG_TestCases_User.Tc_003_ShopPage@2f4948e4]" started-at="2025-09-29T16:21:02 IST" name="shopPage" finished-at="2025-09-29T16:21:06 IST" duration-ms="3968" status="PASS">
          <reporter-output>
          </reporter-output>
        </test-method> <!-- shopPage -->
        <test-method is-config="true" signature="CloseApplication()[pri:0, instance:Com_GNG_TestCases_User.Tc_003_ShopPage@2f4948e4]" started-at="2025-09-29T16:21:06 IST" name="CloseApplication" finished-at="2025-09-29T16:21:09 IST" duration-ms="3460" status="PASS">
          <reporter-output>
          </reporter-output>
        </test-method> <!-- CloseApplication -->
      </class> <!-- Com_GNG_TestCases_User.Tc_003_ShopPage -->
    </test> <!-- Test -->
  </suite> <!-- Suite -->
</testng-results>
