<?xml version="1.0" encoding="UTF-8"?>
<!-- Generated by org.testng.reporters.JUnitXMLReporter -->
<testsuite ignored="0" hostname="DESKTOP-I9RL5TD" failures="0" tests="3" name="Admin Module" time="54.518" errors="0" timestamp="2025-10-21T16:29:24 IST">
  <testcase classname="Com_GNG_TestCases_Admin.Tc_001_LoginPage" name="testing" time="6.65"/>
  <testcase classname="Com_GNG_TestCases_Admin.Tc_002_PagesPage" name="createTest" time="12.879"/>
  <testcase classname="Com_GNG_TestCases_Admin.Tc_003_blog" name="blogTest" time="26.366"/>
</testsuite> <!-- Admin Module -->
