<?xml version="1.0" encoding="UTF-8"?>
<!-- Generated by org.testng.reporters.JUnitXMLReporter -->
<testsuite ignored="0" hostname="DESKTOP-I9RL5TD" failures="0" tests="5" name="User Module" time="184.876" errors="0" timestamp="2025-10-21T16:28:29 IST">
  <testcase classname="Com_GNG_TestCases_User.Tc_001_LoginPage" name="Groc_UserLogin" time="8.11"/>
  <testcase classname="Com_GNG_TestCases_User.Tc_002_HomePage" name="Home_Functionalityes" time="85.949"/>
  <testcase classname="Com_GNG_TestCases_User.Tc_003_ShopPage" name="shopPage" time="45.309"/>
  <testcase classname="Com_GNG_TestCases_User.Tc_004_ProductPage" name="Productpage" time="4.762"/>
  <testcase classname="Com_GNG_TestCases_User.Tc_005_CheckoutPage" name="CheckoutProduct" time="28.782"/>
</testsuite> <!-- User Module -->
